  Frustum.cpp
h:\visual studio 2017\projects\cube_adventures\nclgl\heightmap.h(30): warning C4305: 'initializing': truncation from 'double' to 'const float'
h:\visual studio 2017\projects\cube_adventures\nclgl\rendermap.h(45): warning C4244: '=': conversion from 'int' to 'float', possible loss of data
h:\visual studio 2017\projects\cube_adventures\nclgl\rendermap.h(66): warning C4244: 'argument': conversion from 'double' to 'float', possible loss of data
h:\visual studio 2017\projects\cube_adventures\nclgl\rendermap.h(66): warning C4244: '=': conversion from 'double' to 'float', possible loss of data
  Generating Code...
  Compiling...
  SceneNode.cpp
h:\visual studio 2017\projects\cube_adventures\nclgl\heightmap.h(30): warning C4305: 'initializing': truncation from 'double' to 'const float'
h:\visual studio 2017\projects\cube_adventures\nclgl\rendermap.h(45): warning C4244: '=': conversion from 'int' to 'float', possible loss of data
h:\visual studio 2017\projects\cube_adventures\nclgl\rendermap.h(66): warning C4244: 'argument': conversion from 'double' to 'float', possible loss of data
h:\visual studio 2017\projects\cube_adventures\nclgl\rendermap.h(66): warning C4244: '=': conversion from 'double' to 'float', possible loss of data
  Renderer.cpp
h:\visual studio 2017\projects\cube_adventures\nclgl\heightmap.h(30): warning C4305: 'initializing': truncation from 'double' to 'const float'
h:\visual studio 2017\projects\cube_adventures\nclgl\rendermap.h(45): warning C4244: '=': conversion from 'int' to 'float', possible loss of data
h:\visual studio 2017\projects\cube_adventures\nclgl\rendermap.h(66): warning C4244: 'argument': conversion from 'double' to 'float', possible loss of data
h:\visual studio 2017\projects\cube_adventures\nclgl\rendermap.h(66): warning C4244: '=': conversion from 'double' to 'float', possible loss of data
h:\visual studio 2017\projects\cube_adventures\entities\player.h(40): warning C4244: '=': conversion from 'double' to 'float', possible loss of data
h:\visual studio 2017\projects\cube_adventures\entities\player.h(60): warning C4244: 'return': conversion from 'float' to 'int', possible loss of data
h:\visual studio 2017\projects\cube_adventures\nclgl\renderer.h(25): warning C4244: 'argument': conversion from 'double' to 'const float', possible loss of data
h:\visual studio 2017\projects\cube_adventures\nclgl\renderer.h(26): warning C4244: 'argument': conversion from 'double' to 'const float', possible loss of data
h:\visual studio 2017\projects\cube_adventures\nclgl\renderer.cpp(44): warning C4244: '=': conversion from 'int' to 'float', possible loss of data
h:\visual studio 2017\projects\cube_adventures\nclgl\renderer.cpp(46): warning C4244: 'initializing': conversion from 'float' to 'unsigned int', possible loss of data
h:\visual studio 2017\projects\cube_adventures\nclgl\renderer.cpp(243): warning C4244: 'argument': conversion from 'float' to 'GLsizei', possible loss of data
  RenderMap.cpp
h:\visual studio 2017\projects\cube_adventures\nclgl\heightmap.h(30): warning C4305: 'initializing': truncation from 'double' to 'const float'
h:\visual studio 2017\projects\cube_adventures\nclgl\rendermap.h(45): warning C4244: '=': conversion from 'int' to 'float', possible loss of data
h:\visual studio 2017\projects\cube_adventures\nclgl\rendermap.h(66): warning C4244: 'argument': conversion from 'double' to 'float', possible loss of data
h:\visual studio 2017\projects\cube_adventures\nclgl\rendermap.h(66): warning C4244: '=': conversion from 'double' to 'float', possible loss of data
h:\visual studio 2017\projects\cube_adventures\nclgl\rendermap.cpp(74): warning C4305: 'argument': truncation from 'double' to 'float'
h:\visual studio 2017\projects\cube_adventures\nclgl\rendermap.cpp(74): warning C4244: 'argument': conversion from 'double' to 'float', possible loss of data
h:\visual studio 2017\projects\cube_adventures\nclgl\rendermap.cpp(74): warning C4244: '=': conversion from 'double' to 'float', possible loss of data
h:\visual studio 2017\projects\cube_adventures\nclgl\rendermap.cpp(84): warning C4244: 'initializing': conversion from 'float' to 'int', possible loss of data
h:\visual studio 2017\projects\cube_adventures\nclgl\rendermap.cpp(85): warning C4244: 'initializing': conversion from 'float' to 'int', possible loss of data
h:\visual studio 2017\projects\cube_adventures\nclgl\rendermap.cpp(106): warning C4244: 'initializing': conversion from 'float' to 'int', possible loss of data
h:\visual studio 2017\projects\cube_adventures\nclgl\rendermap.cpp(107): warning C4244: 'initializing': conversion from 'float' to 'int', possible loss of data
  MapNode.cpp
h:\visual studio 2017\projects\cube_adventures\nclgl\heightmap.h(30): warning C4305: 'initializing': truncation from 'double' to 'const float'
h:\visual studio 2017\projects\cube_adventures\nclgl\rendermap.h(45): warning C4244: '=': conversion from 'int' to 'float', possible loss of data
h:\visual studio 2017\projects\cube_adventures\nclgl\rendermap.h(66): warning C4244: 'argument': conversion from 'double' to 'float', possible loss of data
h:\visual studio 2017\projects\cube_adventures\nclgl\rendermap.h(66): warning C4244: '=': conversion from 'double' to 'float', possible loss of data
  Generating Code...
  nclgl.vcxproj -> H:\Visual Studio 2017\Projects\cube_adventures\Debug\nclgl.lib
