  Frustum.cpp
c:\users\tomwa\source\repos\cube_adventures\nclgl\heightmap.h(30): warning C4305: 'initializing': truncation from 'double' to 'const float'
c:\users\tomwa\source\repos\cube_adventures\nclgl\rendermap.h(8): warning C4305: 'initializing': truncation from 'double' to 'float'
c:\users\tomwa\source\repos\cube_adventures\nclgl\rendermap.h(9): warning C4305: 'initializing': truncation from 'double' to 'float'
c:\users\tomwa\source\repos\cube_adventures\nclgl\rendermap.h(50): warning C4244: '=': conversion from 'int' to 'float', possible loss of data
c:\users\tomwa\source\repos\cube_adventures\nclgl\rendermap.h(78): warning C4305: 'argument': truncation from 'double' to 'const float'
c:\users\tomwa\source\repos\cube_adventures\nclgl\rendermap.h(79): warning C4305: 'argument': truncation from 'double' to 'const float'
c:\users\tomwa\source\repos\cube_adventures\nclgl\rendermap.h(83): warning C4305: 'argument': truncation from 'double' to 'const float'
c:\users\tomwa\source\repos\cube_adventures\nclgl\rendermap.h(84): warning C4305: 'argument': truncation from 'double' to 'const float'
c:\users\tomwa\source\repos\cube_adventures\nclgl\rendermap.h(88): warning C4305: 'argument': truncation from 'double' to 'const float'
c:\users\tomwa\source\repos\cube_adventures\nclgl\rendermap.h(89): warning C4305: 'argument': truncation from 'double' to 'const float'
c:\users\tomwa\source\repos\cube_adventures\nclgl\rendermap.h(93): warning C4305: 'argument': truncation from 'double' to 'const float'
c:\users\tomwa\source\repos\cube_adventures\nclgl\rendermap.h(94): warning C4305: 'argument': truncation from 'double' to 'const float'
c:\users\tomwa\source\repos\cube_adventures\nclgl\rendermap.h(98): warning C4305: 'argument': truncation from 'double' to 'const float'
c:\users\tomwa\source\repos\cube_adventures\nclgl\rendermap.h(99): warning C4305: 'argument': truncation from 'double' to 'const float'
c:\users\tomwa\source\repos\cube_adventures\nclgl\rendermap.h(103): warning C4305: 'argument': truncation from 'double' to 'const float'
c:\users\tomwa\source\repos\cube_adventures\nclgl\rendermap.h(104): warning C4305: 'argument': truncation from 'double' to 'const float'
c:\users\tomwa\source\repos\cube_adventures\nclgl\rendermap.h(107): warning C4305: 'argument': truncation from 'double' to 'float'
c:\users\tomwa\source\repos\cube_adventures\nclgl\rendermap.h(110): warning C4305: 'argument': truncation from 'double' to 'float'
c:\users\tomwa\source\repos\cube_adventures\nclgl\rendermap.h(117): warning C4244: 'argument': conversion from 'double' to 'float', possible loss of data
c:\users\tomwa\source\repos\cube_adventures\nclgl\rendermap.h(117): warning C4244: '=': conversion from 'double' to 'float', possible loss of data
  Generating Code...
  Compiling...
  Renderer.cpp
c:\users\tomwa\source\repos\cube_adventures\nclgl\heightmap.h(30): warning C4305: 'initializing': truncation from 'double' to 'const float'
c:\users\tomwa\source\repos\cube_adventures\nclgl\rendermap.h(8): warning C4305: 'initializing': truncation from 'double' to 'float'
c:\users\tomwa\source\repos\cube_adventures\nclgl\rendermap.h(9): warning C4305: 'initializing': truncation from 'double' to 'float'
c:\users\tomwa\source\repos\cube_adventures\nclgl\rendermap.h(50): warning C4244: '=': conversion from 'int' to 'float', possible loss of data
c:\users\tomwa\source\repos\cube_adventures\nclgl\rendermap.h(78): warning C4305: 'argument': truncation from 'double' to 'const float'
c:\users\tomwa\source\repos\cube_adventures\nclgl\rendermap.h(79): warning C4305: 'argument': truncation from 'double' to 'const float'
c:\users\tomwa\source\repos\cube_adventures\nclgl\rendermap.h(83): warning C4305: 'argument': truncation from 'double' to 'const float'
c:\users\tomwa\source\repos\cube_adventures\nclgl\rendermap.h(84): warning C4305: 'argument': truncation from 'double' to 'const float'
c:\users\tomwa\source\repos\cube_adventures\nclgl\rendermap.h(88): warning C4305: 'argument': truncation from 'double' to 'const float'
c:\users\tomwa\source\repos\cube_adventures\nclgl\rendermap.h(89): warning C4305: 'argument': truncation from 'double' to 'const float'
c:\users\tomwa\source\repos\cube_adventures\nclgl\rendermap.h(93): warning C4305: 'argument': truncation from 'double' to 'const float'
c:\users\tomwa\source\repos\cube_adventures\nclgl\rendermap.h(94): warning C4305: 'argument': truncation from 'double' to 'const float'
c:\users\tomwa\source\repos\cube_adventures\nclgl\rendermap.h(98): warning C4305: 'argument': truncation from 'double' to 'const float'
c:\users\tomwa\source\repos\cube_adventures\nclgl\rendermap.h(99): warning C4305: 'argument': truncation from 'double' to 'const float'
c:\users\tomwa\source\repos\cube_adventures\nclgl\rendermap.h(103): warning C4305: 'argument': truncation from 'double' to 'const float'
c:\users\tomwa\source\repos\cube_adventures\nclgl\rendermap.h(104): warning C4305: 'argument': truncation from 'double' to 'const float'
c:\users\tomwa\source\repos\cube_adventures\nclgl\rendermap.h(107): warning C4305: 'argument': truncation from 'double' to 'float'
c:\users\tomwa\source\repos\cube_adventures\nclgl\rendermap.h(110): warning C4305: 'argument': truncation from 'double' to 'float'
c:\users\tomwa\source\repos\cube_adventures\nclgl\rendermap.h(117): warning C4244: 'argument': conversion from 'double' to 'float', possible loss of data
c:\users\tomwa\source\repos\cube_adventures\nclgl\rendermap.h(117): warning C4244: '=': conversion from 'double' to 'float', possible loss of data
c:\users\tomwa\source\repos\cube_adventures\entities\player.h(50): warning C4244: '=': conversion from 'double' to 'float', possible loss of data
c:\users\tomwa\source\repos\cube_adventures\entities\player.h(72): warning C4244: 'return': conversion from 'float' to 'int', possible loss of data
c:\users\tomwa\source\repos\cube_adventures\nclgl\renderer.h(34): warning C4244: 'argument': conversion from 'double' to 'const float', possible loss of data
c:\users\tomwa\source\repos\cube_adventures\nclgl\renderer.h(35): warning C4244: 'argument': conversion from 'double' to 'const float', possible loss of data
c:\users\tomwa\source\repos\cube_adventures\nclgl\renderer.cpp(57): warning C4244: '=': conversion from 'int' to 'float', possible loss of data
c:\users\tomwa\source\repos\cube_adventures\nclgl\renderer.cpp(59): warning C4244: 'initializing': conversion from 'float' to 'unsigned int', possible loss of data
c:\users\tomwa\source\repos\cube_adventures\nclgl\renderer.cpp(277): warning C4244: 'argument': conversion from 'int' to 'GLfloat', possible loss of data
c:\users\tomwa\source\repos\cube_adventures\nclgl\renderer.cpp(286): warning C4244: 'argument': conversion from 'float' to 'GLsizei', possible loss of data
  Generating Code...
  Skipping... (no relevant changes detected)
  SceneNode.cpp
  RenderMap.cpp
  MapNode.cpp
  nclgl.vcxproj -> C:\Users\tomwa\source\repos\cube_adventures\Debug\nclgl.lib
