  Camera.cpp
  Frustum.cpp
c:\users\tomwa\source\repos\cube_adventures\nclgl\HeightMap.h(30): warning C4305: 'initializing': truncation from 'double' to 'const float'
c:\users\tomwa\source\repos\cube_adventures\nclgl\RenderMap.h(8): warning C4305: 'initializing': truncation from 'double' to 'float'
c:\users\tomwa\source\repos\cube_adventures\nclgl\RenderMap.h(9): warning C4305: 'initializing': truncation from 'double' to 'float'
c:\users\tomwa\source\repos\cube_adventures\nclgl\RenderMap.h(50): warning C4244: '=': conversion from 'int' to 'float', possible loss of data
c:\users\tomwa\source\repos\cube_adventures\nclgl\RenderMap.h(78): warning C4305: 'argument': truncation from 'double' to 'const float'
c:\users\tomwa\source\repos\cube_adventures\nclgl\RenderMap.h(79): warning C4305: 'argument': truncation from 'double' to 'const float'
c:\users\tomwa\source\repos\cube_adventures\nclgl\RenderMap.h(83): warning C4305: 'argument': truncation from 'double' to 'const float'
c:\users\tomwa\source\repos\cube_adventures\nclgl\RenderMap.h(84): warning C4305: 'argument': truncation from 'double' to 'const float'
c:\users\tomwa\source\repos\cube_adventures\nclgl\RenderMap.h(88): warning C4305: 'argument': truncation from 'double' to 'const float'
c:\users\tomwa\source\repos\cube_adventures\nclgl\RenderMap.h(89): warning C4305: 'argument': truncation from 'double' to 'const float'
c:\users\tomwa\source\repos\cube_adventures\nclgl\RenderMap.h(93): warning C4305: 'argument': truncation from 'double' to 'const float'
c:\users\tomwa\source\repos\cube_adventures\nclgl\RenderMap.h(94): warning C4305: 'argument': truncation from 'double' to 'const float'
c:\users\tomwa\source\repos\cube_adventures\nclgl\RenderMap.h(98): warning C4305: 'argument': truncation from 'double' to 'const float'
c:\users\tomwa\source\repos\cube_adventures\nclgl\RenderMap.h(99): warning C4305: 'argument': truncation from 'double' to 'const float'
c:\users\tomwa\source\repos\cube_adventures\nclgl\RenderMap.h(103): warning C4305: 'argument': truncation from 'double' to 'const float'
c:\users\tomwa\source\repos\cube_adventures\nclgl\RenderMap.h(104): warning C4305: 'argument': truncation from 'double' to 'const float'
c:\users\tomwa\source\repos\cube_adventures\nclgl\RenderMap.h(107): warning C4305: 'argument': truncation from 'double' to 'float'
c:\users\tomwa\source\repos\cube_adventures\nclgl\RenderMap.h(113): warning C4305: 'argument': truncation from 'double' to 'float'
c:\users\tomwa\source\repos\cube_adventures\nclgl\RenderMap.h(120): warning C4244: 'argument': conversion from 'double' to 'float', possible loss of data
c:\users\tomwa\source\repos\cube_adventures\nclgl\RenderMap.h(120): warning C4244: '=': conversion from 'double' to 'float', possible loss of data
  HeightMap.cpp
c:\users\tomwa\source\repos\cube_adventures\nclgl\HeightMap.h(30): warning C4305: 'initializing': truncation from 'double' to 'const float'
HeightMap.cpp(24): warning C4244: 'argument': conversion from 'double' to 'float', possible loss of data
HeightMap.cpp(24): warning C4244: 'initializing': conversion from 'double' to 'float', possible loss of data
HeightMap.cpp(74): warning C4244: 'argument': conversion from 'double' to 'float', possible loss of data
HeightMap.cpp(74): warning C4244: 'initializing': conversion from 'double' to 'float', possible loss of data
  Mesh.cpp
Mesh.cpp(33): warning C4018: '<': signed/unsigned mismatch
Mesh.cpp(43): warning C4018: '<': signed/unsigned mismatch
Mesh.cpp(83): warning C4018: '<': signed/unsigned mismatch
  OBJMesh.cpp
  OGLRenderer.cpp
  PerlinNoise.cpp
PerlinNoise.cpp(8): warning C4244: '=': conversion from 'int' to 'float', possible loss of data
PerlinNoise.cpp(14): warning C4244: '=': conversion from 'int' to 'float', possible loss of data
PerlinNoise.cpp(15): warning C4244: '=': conversion from 'int' to 'float', possible loss of data
PerlinNoise.cpp(17): warning C4244: 'initializing': conversion from 'double' to 'float', possible loss of data
PerlinNoise.cpp(28): warning C4244: 'return': conversion from 'double' to 'float', possible loss of data
  RenderMap.cpp
c:\users\tomwa\source\repos\cube_adventures\nclgl\HeightMap.h(30): warning C4305: 'initializing': truncation from 'double' to 'const float'
c:\users\tomwa\source\repos\cube_adventures\nclgl\RenderMap.h(8): warning C4305: 'initializing': truncation from 'double' to 'float'
c:\users\tomwa\source\repos\cube_adventures\nclgl\RenderMap.h(9): warning C4305: 'initializing': truncation from 'double' to 'float'
c:\users\tomwa\source\repos\cube_adventures\nclgl\RenderMap.h(50): warning C4244: '=': conversion from 'int' to 'float', possible loss of data
c:\users\tomwa\source\repos\cube_adventures\nclgl\RenderMap.h(78): warning C4305: 'argument': truncation from 'double' to 'const float'
c:\users\tomwa\source\repos\cube_adventures\nclgl\RenderMap.h(79): warning C4305: 'argument': truncation from 'double' to 'const float'
c:\users\tomwa\source\repos\cube_adventures\nclgl\RenderMap.h(83): warning C4305: 'argument': truncation from 'double' to 'const float'
c:\users\tomwa\source\repos\cube_adventures\nclgl\RenderMap.h(84): warning C4305: 'argument': truncation from 'double' to 'const float'
c:\users\tomwa\source\repos\cube_adventures\nclgl\RenderMap.h(88): warning C4305: 'argument': truncation from 'double' to 'const float'
c:\users\tomwa\source\repos\cube_adventures\nclgl\RenderMap.h(89): warning C4305: 'argument': truncation from 'double' to 'const float'
c:\users\tomwa\source\repos\cube_adventures\nclgl\RenderMap.h(93): warning C4305: 'argument': truncation from 'double' to 'const float'
c:\users\tomwa\source\repos\cube_adventures\nclgl\RenderMap.h(94): warning C4305: 'argument': truncation from 'double' to 'const float'
c:\users\tomwa\source\repos\cube_adventures\nclgl\RenderMap.h(98): warning C4305: 'argument': truncation from 'double' to 'const float'
c:\users\tomwa\source\repos\cube_adventures\nclgl\RenderMap.h(99): warning C4305: 'argument': truncation from 'double' to 'const float'
c:\users\tomwa\source\repos\cube_adventures\nclgl\RenderMap.h(103): warning C4305: 'argument': truncation from 'double' to 'const float'
c:\users\tomwa\source\repos\cube_adventures\nclgl\RenderMap.h(104): warning C4305: 'argument': truncation from 'double' to 'const float'
c:\users\tomwa\source\repos\cube_adventures\nclgl\RenderMap.h(107): warning C4305: 'argument': truncation from 'double' to 'float'
c:\users\tomwa\source\repos\cube_adventures\nclgl\RenderMap.h(113): warning C4305: 'argument': truncation from 'double' to 'float'
c:\users\tomwa\source\repos\cube_adventures\nclgl\RenderMap.h(120): warning C4244: 'argument': conversion from 'double' to 'float', possible loss of data
c:\users\tomwa\source\repos\cube_adventures\nclgl\RenderMap.h(120): warning C4244: '=': conversion from 'double' to 'float', possible loss of data
RenderMap.cpp(75): warning C4305: 'argument': truncation from 'double' to 'float'
RenderMap.cpp(75): warning C4244: 'argument': conversion from 'double' to 'float', possible loss of data
RenderMap.cpp(75): warning C4244: '=': conversion from 'double' to 'float', possible loss of data
RenderMap.cpp(86): warning C4244: 'initializing': conversion from 'double' to 'float', possible loss of data
RenderMap.cpp(87): warning C4244: 'initializing': conversion from 'double' to 'float', possible loss of data
RenderMap.cpp(96): warning C4244: 'initializing': conversion from 'double' to 'float', possible loss of data
RenderMap.cpp(115): warning C4244: 'initializing': conversion from 'float' to 'int', possible loss of data
RenderMap.cpp(116): warning C4244: 'initializing': conversion from 'float' to 'int', possible loss of data
RenderMap.cpp(147): warning C4244: 'initializing': conversion from 'float' to 'int', possible loss of data
RenderMap.cpp(148): warning C4244: 'initializing': conversion from 'float' to 'int', possible loss of data
RenderMap.cpp(169): warning C4244: 'initializing': conversion from 'float' to 'int', possible loss of data
RenderMap.cpp(170): warning C4244: 'initializing': conversion from 'float' to 'int', possible loss of data
RenderMap.cpp(172): warning C4244: 'initializing': conversion from 'float' to 'int', possible loss of data
RenderMap.cpp(173): warning C4244: 'initializing': conversion from 'float' to 'int', possible loss of data
RenderMap.cpp(235): warning C4305: 'argument': truncation from 'double' to 'const float'
RenderMap.cpp(236): warning C4305: 'argument': truncation from 'double' to 'const float'
RenderMap.cpp(239): warning C4305: 'argument': truncation from 'double' to 'const float'
RenderMap.cpp(240): warning C4305: 'argument': truncation from 'double' to 'const float'
RenderMap.cpp(255): warning C4305: 'argument': truncation from 'double' to 'const float'
RenderMap.cpp(256): warning C4305: 'argument': truncation from 'double' to 'const float'
RenderMap.cpp(259): warning C4305: 'argument': truncation from 'double' to 'const float'
RenderMap.cpp(260): warning C4305: 'argument': truncation from 'double' to 'const float'
RenderMap.cpp(292): warning C4305: 'argument': truncation from 'double' to 'const float'
RenderMap.cpp(293): warning C4305: 'argument': truncation from 'double' to 'const float'
RenderMap.cpp(296): warning C4305: 'argument': truncation from 'double' to 'const float'
RenderMap.cpp(297): warning C4305: 'argument': truncation from 'double' to 'const float'
  Renderer.cpp
c:\users\tomwa\source\repos\cube_adventures\nclgl\HeightMap.h(30): warning C4305: 'initializing': truncation from 'double' to 'const float'
c:\users\tomwa\source\repos\cube_adventures\nclgl\RenderMap.h(8): warning C4305: 'initializing': truncation from 'double' to 'float'
c:\users\tomwa\source\repos\cube_adventures\nclgl\RenderMap.h(9): warning C4305: 'initializing': truncation from 'double' to 'float'
c:\users\tomwa\source\repos\cube_adventures\nclgl\RenderMap.h(50): warning C4244: '=': conversion from 'int' to 'float', possible loss of data
c:\users\tomwa\source\repos\cube_adventures\nclgl\RenderMap.h(78): warning C4305: 'argument': truncation from 'double' to 'const float'
c:\users\tomwa\source\repos\cube_adventures\nclgl\RenderMap.h(79): warning C4305: 'argument': truncation from 'double' to 'const float'
c:\users\tomwa\source\repos\cube_adventures\nclgl\RenderMap.h(83): warning C4305: 'argument': truncation from 'double' to 'const float'
c:\users\tomwa\source\repos\cube_adventures\nclgl\RenderMap.h(84): warning C4305: 'argument': truncation from 'double' to 'const float'
c:\users\tomwa\source\repos\cube_adventures\nclgl\RenderMap.h(88): warning C4305: 'argument': truncation from 'double' to 'const float'
c:\users\tomwa\source\repos\cube_adventures\nclgl\RenderMap.h(89): warning C4305: 'argument': truncation from 'double' to 'const float'
c:\users\tomwa\source\repos\cube_adventures\nclgl\RenderMap.h(93): warning C4305: 'argument': truncation from 'double' to 'const float'
c:\users\tomwa\source\repos\cube_adventures\nclgl\RenderMap.h(94): warning C4305: 'argument': truncation from 'double' to 'const float'
c:\users\tomwa\source\repos\cube_adventures\nclgl\RenderMap.h(98): warning C4305: 'argument': truncation from 'double' to 'const float'
c:\users\tomwa\source\repos\cube_adventures\nclgl\RenderMap.h(99): warning C4305: 'argument': truncation from 'double' to 'const float'
c:\users\tomwa\source\repos\cube_adventures\nclgl\RenderMap.h(103): warning C4305: 'argument': truncation from 'double' to 'const float'
c:\users\tomwa\source\repos\cube_adventures\nclgl\RenderMap.h(104): warning C4305: 'argument': truncation from 'double' to 'const float'
c:\users\tomwa\source\repos\cube_adventures\nclgl\RenderMap.h(107): warning C4305: 'argument': truncation from 'double' to 'float'
c:\users\tomwa\source\repos\cube_adventures\nclgl\RenderMap.h(113): warning C4305: 'argument': truncation from 'double' to 'float'
c:\users\tomwa\source\repos\cube_adventures\nclgl\RenderMap.h(120): warning C4244: 'argument': conversion from 'double' to 'float', possible loss of data
c:\users\tomwa\source\repos\cube_adventures\nclgl\RenderMap.h(120): warning C4244: '=': conversion from 'double' to 'float', possible loss of data
c:\users\tomwa\source\repos\cube_adventures\nclgl\../Entities/Player.h(50): warning C4244: '=': conversion from 'double' to 'float', possible loss of data
c:\users\tomwa\source\repos\cube_adventures\nclgl\../Entities/Player.h(72): warning C4244: 'return': conversion from 'float' to 'int', possible loss of data
c:\users\tomwa\source\repos\cube_adventures\nclgl\Renderer.h(35): warning C4244: 'argument': conversion from 'double' to 'const float', possible loss of data
c:\users\tomwa\source\repos\cube_adventures\nclgl\Renderer.h(36): warning C4244: 'argument': conversion from 'double' to 'const float', possible loss of data
Renderer.cpp(55): warning C4244: '=': conversion from 'int' to 'float', possible loss of data
Renderer.cpp(57): warning C4244: 'initializing': conversion from 'float' to 'unsigned int', possible loss of data
Renderer.cpp(224): warning C4244: '=': conversion from 'int' to 'float', possible loss of data
Renderer.cpp(276): warning C4244: 'argument': conversion from 'int' to 'GLfloat', possible loss of data
Renderer.cpp(285): warning C4244: 'argument': conversion from 'float' to 'GLsizei', possible loss of data
  SceneNode.cpp
c:\users\tomwa\source\repos\cube_adventures\nclgl\HeightMap.h(30): warning C4305: 'initializing': truncation from 'double' to 'const float'
c:\users\tomwa\source\repos\cube_adventures\nclgl\RenderMap.h(8): warning C4305: 'initializing': truncation from 'double' to 'float'
c:\users\tomwa\source\repos\cube_adventures\nclgl\RenderMap.h(9): warning C4305: 'initializing': truncation from 'double' to 'float'
c:\users\tomwa\source\repos\cube_adventures\nclgl\RenderMap.h(50): warning C4244: '=': conversion from 'int' to 'float', possible loss of data
c:\users\tomwa\source\repos\cube_adventures\nclgl\RenderMap.h(78): warning C4305: 'argument': truncation from 'double' to 'const float'
c:\users\tomwa\source\repos\cube_adventures\nclgl\RenderMap.h(79): warning C4305: 'argument': truncation from 'double' to 'const float'
c:\users\tomwa\source\repos\cube_adventures\nclgl\RenderMap.h(83): warning C4305: 'argument': truncation from 'double' to 'const float'
c:\users\tomwa\source\repos\cube_adventures\nclgl\RenderMap.h(84): warning C4305: 'argument': truncation from 'double' to 'const float'
c:\users\tomwa\source\repos\cube_adventures\nclgl\RenderMap.h(88): warning C4305: 'argument': truncation from 'double' to 'const float'
c:\users\tomwa\source\repos\cube_adventures\nclgl\RenderMap.h(89): warning C4305: 'argument': truncation from 'double' to 'const float'
c:\users\tomwa\source\repos\cube_adventures\nclgl\RenderMap.h(93): warning C4305: 'argument': truncation from 'double' to 'const float'
c:\users\tomwa\source\repos\cube_adventures\nclgl\RenderMap.h(94): warning C4305: 'argument': truncation from 'double' to 'const float'
c:\users\tomwa\source\repos\cube_adventures\nclgl\RenderMap.h(98): warning C4305: 'argument': truncation from 'double' to 'const float'
c:\users\tomwa\source\repos\cube_adventures\nclgl\RenderMap.h(99): warning C4305: 'argument': truncation from 'double' to 'const float'
c:\users\tomwa\source\repos\cube_adventures\nclgl\RenderMap.h(103): warning C4305: 'argument': truncation from 'double' to 'const float'
c:\users\tomwa\source\repos\cube_adventures\nclgl\RenderMap.h(104): warning C4305: 'argument': truncation from 'double' to 'const float'
c:\users\tomwa\source\repos\cube_adventures\nclgl\RenderMap.h(107): warning C4305: 'argument': truncation from 'double' to 'float'
c:\users\tomwa\source\repos\cube_adventures\nclgl\RenderMap.h(113): warning C4305: 'argument': truncation from 'double' to 'float'
c:\users\tomwa\source\repos\cube_adventures\nclgl\RenderMap.h(120): warning C4244: 'argument': conversion from 'double' to 'float', possible loss of data
c:\users\tomwa\source\repos\cube_adventures\nclgl\RenderMap.h(120): warning C4244: '=': conversion from 'double' to 'float', possible loss of data
  Shader.cpp
  Window.cpp
  Generating Code...
  nclgl.vcxproj -> C:\Users\tomwa\source\repos\cube_adventures\Release\nclgl.lib
