h:\visual studio 2017\projects\cube_adventures\nclgl\release\nclgl.pdb
h:\visual studio 2017\projects\cube_adventures\nclgl\release\rendermap.obj
h:\visual studio 2017\projects\cube_adventures\nclgl\release\renderer.obj
h:\visual studio 2017\projects\cube_adventures\nclgl\release\quaternion.obj
h:\visual studio 2017\projects\cube_adventures\nclgl\release\plane.obj
h:\visual studio 2017\projects\cube_adventures\nclgl\release\perlinnoise.obj
h:\visual studio 2017\projects\cube_adventures\nclgl\release\oglrenderer.obj
h:\visual studio 2017\projects\cube_adventures\nclgl\release\objmesh.obj
h:\visual studio 2017\projects\cube_adventures\nclgl\release\mouse.obj
h:\visual studio 2017\projects\cube_adventures\nclgl\release\mesh.obj
h:\visual studio 2017\projects\cube_adventures\nclgl\release\md5node.obj
h:\visual studio 2017\projects\cube_adventures\nclgl\release\md5mesh.obj
h:\visual studio 2017\projects\cube_adventures\nclgl\release\md5filedata.obj
h:\visual studio 2017\projects\cube_adventures\nclgl\release\md5anim.obj
h:\visual studio 2017\projects\cube_adventures\nclgl\release\matrix4.obj
h:\visual studio 2017\projects\cube_adventures\nclgl\release\mapnode.obj
h:\visual studio 2017\projects\cube_adventures\nclgl\release\keyboard.obj
h:\visual studio 2017\projects\cube_adventures\nclgl\release\heightmap.obj
h:\visual studio 2017\projects\cube_adventures\nclgl\release\gametimer.obj
h:\visual studio 2017\projects\cube_adventures\nclgl\release\frustum.obj
h:\visual studio 2017\projects\cube_adventures\nclgl\release\camera.obj
h:\visual studio 2017\projects\cube_adventures\nclgl\release\window.obj
h:\visual studio 2017\projects\cube_adventures\nclgl\release\shader.obj
h:\visual studio 2017\projects\cube_adventures\nclgl\release\scenenode.obj
h:\visual studio 2017\projects\cube_adventures\release\nclgl.lib
h:\visual studio 2017\projects\cube_adventures\nclgl\release\nclgl.tlog\cl.command.1.tlog
h:\visual studio 2017\projects\cube_adventures\nclgl\release\nclgl.tlog\cl.read.1.tlog
h:\visual studio 2017\projects\cube_adventures\nclgl\release\nclgl.tlog\cl.write.1.tlog
h:\visual studio 2017\projects\cube_adventures\nclgl\release\nclgl.tlog\lib-link.read.1.tlog
h:\visual studio 2017\projects\cube_adventures\nclgl\release\nclgl.tlog\lib-link.write.1.tlog
h:\visual studio 2017\projects\cube_adventures\nclgl\release\nclgl.tlog\lib.command.1.tlog
