  main.cpp
c:\users\tomwa\source\repos\cube_adventures\nclgl\HeightMap.h(30): warning C4305: 'initializing': truncation from 'double' to 'const float'
c:\users\tomwa\source\repos\cube_adventures\nclgl\RenderMap.h(8): warning C4305: 'initializing': truncation from 'double' to 'float'
c:\users\tomwa\source\repos\cube_adventures\nclgl\RenderMap.h(9): warning C4305: 'initializing': truncation from 'double' to 'float'
c:\users\tomwa\source\repos\cube_adventures\nclgl\RenderMap.h(50): warning C4244: '=': conversion from 'int' to 'float', possible loss of data
c:\users\tomwa\source\repos\cube_adventures\nclgl\RenderMap.h(78): warning C4305: 'argument': truncation from 'double' to 'const float'
c:\users\tomwa\source\repos\cube_adventures\nclgl\RenderMap.h(79): warning C4305: 'argument': truncation from 'double' to 'const float'
c:\users\tomwa\source\repos\cube_adventures\nclgl\RenderMap.h(83): warning C4305: 'argument': truncation from 'double' to 'const float'
c:\users\tomwa\source\repos\cube_adventures\nclgl\RenderMap.h(84): warning C4305: 'argument': truncation from 'double' to 'const float'
c:\users\tomwa\source\repos\cube_adventures\nclgl\RenderMap.h(88): warning C4305: 'argument': truncation from 'double' to 'const float'
c:\users\tomwa\source\repos\cube_adventures\nclgl\RenderMap.h(89): warning C4305: 'argument': truncation from 'double' to 'const float'
c:\users\tomwa\source\repos\cube_adventures\nclgl\RenderMap.h(93): warning C4305: 'argument': truncation from 'double' to 'const float'
c:\users\tomwa\source\repos\cube_adventures\nclgl\RenderMap.h(94): warning C4305: 'argument': truncation from 'double' to 'const float'
c:\users\tomwa\source\repos\cube_adventures\nclgl\RenderMap.h(98): warning C4305: 'argument': truncation from 'double' to 'const float'
c:\users\tomwa\source\repos\cube_adventures\nclgl\RenderMap.h(99): warning C4305: 'argument': truncation from 'double' to 'const float'
c:\users\tomwa\source\repos\cube_adventures\nclgl\RenderMap.h(103): warning C4305: 'argument': truncation from 'double' to 'const float'
c:\users\tomwa\source\repos\cube_adventures\nclgl\RenderMap.h(104): warning C4305: 'argument': truncation from 'double' to 'const float'
c:\users\tomwa\source\repos\cube_adventures\nclgl\RenderMap.h(107): warning C4305: 'argument': truncation from 'double' to 'float'
c:\users\tomwa\source\repos\cube_adventures\nclgl\RenderMap.h(113): warning C4305: 'argument': truncation from 'double' to 'float'
c:\users\tomwa\source\repos\cube_adventures\nclgl\RenderMap.h(120): warning C4244: 'argument': conversion from 'double' to 'float', possible loss of data
c:\users\tomwa\source\repos\cube_adventures\nclgl\RenderMap.h(120): warning C4244: '=': conversion from 'double' to 'float', possible loss of data
c:\users\tomwa\source\repos\cube_adventures\nclgl\../Entities/Player.h(50): warning C4244: '=': conversion from 'double' to 'float', possible loss of data
c:\users\tomwa\source\repos\cube_adventures\nclgl\../Entities/Player.h(72): warning C4244: 'return': conversion from 'float' to 'int', possible loss of data
c:\users\tomwa\source\repos\cube_adventures\cube_adventures\../nclgl/Renderer.h(35): warning C4244: 'argument': conversion from 'double' to 'const float', possible loss of data
c:\users\tomwa\source\repos\cube_adventures\cube_adventures\../nclgl/Renderer.h(36): warning C4244: 'argument': conversion from 'double' to 'const float', possible loss of data
main.cpp(16): warning C4305: 'initializing': truncation from 'double' to 'float'
main.cpp(25): warning C4244: 'initializing': conversion from 'double' to 'float', possible loss of data
main.cpp(26): warning C4244: 'initializing': conversion from 'double' to 'float', possible loss of data
main.cpp(27): warning C4244: 'initializing': conversion from 'double' to 'float', possible loss of data
main.cpp(69): warning C4244: 'initializing': conversion from 'int' to 'float', possible loss of data
main.cpp(70): warning C4244: 'initializing': conversion from 'double' to 'float', possible loss of data
main.cpp(107): warning C4244: 'argument': conversion from 'int' to 'float', possible loss of data
main.cpp(216): warning C4244: 'argument': conversion from 'double' to 'float', possible loss of data
main.cpp(220): warning C4244: 'argument': conversion from 'double' to 'float', possible loss of data
main.cpp(277): warning C4244: 'argument': conversion from 'int' to 'float', possible loss of data
main.cpp(282): warning C4244: 'argument': conversion from 'int' to 'float', possible loss of data
main.cpp(294): warning C4244: 'argument': conversion from 'double' to 'float', possible loss of data
main.cpp(298): warning C4244: 'argument': conversion from 'double' to 'float', possible loss of data
main.cpp(302): warning C4244: 'argument': conversion from 'double' to 'float', possible loss of data
main.cpp(306): warning C4244: 'argument': conversion from 'double' to 'float', possible loss of data
main.cpp(310): warning C4244: 'argument': conversion from 'double' to 'float', possible loss of data
main.cpp(312): warning C4244: '+=': conversion from 'double' to 'float', possible loss of data
main.cpp(329): warning C4244: 'argument': conversion from 'double' to 'float', possible loss of data
main.cpp(335): warning C4244: 'argument': conversion from 'double' to 'float', possible loss of data
MSVCRT.lib(initializers.obj) : warning LNK4098: defaultlib 'libcmt.lib' conflicts with use of other libs; use /NODEFAULTLIB:library
  LINK : /LTCG specified but no code generation required; remove /LTCG from the link command line to improve linker performance
glew32.lib(glew.obj) : warning LNK4099: PDB 'vc120.pdb' was not found with 'glew32.lib(glew.obj)' or at 'C:\Users\tomwa\source\repos\Cube_Adventures\Release\vc120.pdb'; linking object as if no debug info
  cube_adventures.vcxproj -> C:\Users\tomwa\source\repos\Cube_Adventures\Release\cube_adventures.exe
